<?xml version="1.0" encoding="UTF-8"?>
<testsuite name="junit.PessoaTest" tests="1" skipped="0" failures="0" errors="0" timestamp="2022-07-04T17:27:16" hostname="ubuntu-MacBookPro" time="0.058">
  <properties/>
  <testcase name="validarCalculoDeIdade()" classname="junit.PessoaTest" time="0.058"/>
  <system-out><![CDATA[]]></system-out>
  <system-err><![CDATA[]]></system-err>
</testsuite>
